<?xml version="1.0" encoding="UTF-8"?>
<!-- Generated by org.testng.reporters.JUnitXMLReporter -->
<testsuite hostname="DESKTOP-BSHKGU3" ignored="0" tests="9" failures="0" timestamp="2021-08-16T17:48:44 EEST" time="5.354" errors="0">
  <testcase name="verifyAuthorWithInvalidIdIsNotUpdatable" time="3.532" classname="AuthorTest"/>
  <testcase name="verifyAuthorsAreGivenWithStatusCode200" time="0.512" classname="AuthorTest"/>
  <testcase name="verifyDefaultAuthorIsDeleted" time="0.303" classname="AuthorTest"/>
  <testcase name="verifyValidAuthorIsCreated" time="0.131" classname="AuthorTest"/>
  <testcase name="verifyGenreIsDeleted" time="0.129" classname="GenreTest"/>
  <testcase name="verifyGenreIsSearchableByGenreName" time="0.109" classname="GenreTest"/>
  <testcase name="verifyGenreReceivedWithTheSameId" time="0.073" classname="GenreTest"/>
  <testcase name="verifyGenreWithInvalidIdIsNotUpdatable" time="0.038" classname="GenreTest"/>
  <testcase name="verifyValidGenreIsCreated" time="0.066" classname="GenreTest"/>
</testsuite>
