<?xml version="1.0" encoding="UTF-8"?>
<!-- Generated by org.testng.reporters.JUnitXMLReporter -->
<testsuite hostname="DESKTOP-BSHKGU3" ignored="0" tests="4" failures="0" timestamp="2021-08-15T22:35:50 EEST" time="4.919" errors="0">
  <testcase name="verifyAuthorWithInvalidIdIsNotUpdatable" time="3.677" classname="AuthorTest"/>
  <testcase name="verifyAuthorsAreGivenWithStatusCode200" time="0.202" classname="AuthorTest"/>
  <testcase name="verifyDefaultAuthorIsDeleted" time="0.405" classname="AuthorTest"/>
  <testcase name="verifyValidAuthorIsCreated" time="0.237" classname="AuthorTest"/>
</testsuite>
